<?xml version="1.0" encoding="UTF-8"?>
<testsuite name="com.kliq.loanapp.core.common.validation.ValidationRuleTest" tests="4" skipped="0" failures="0" errors="0" timestamp="2026-06-18T14:42:43.169Z" hostname="unknown6ab6b167121f.home" time="0.018">
  <properties/>
  <testcase name="min length rule enforces boundary" classname="com.kliq.loanapp.core.common.validation.ValidationRuleTest" time="0.003"/>
  <testcase name="required rule rejects whitespace only" classname="com.kliq.loanapp.core.common.validation.ValidationRuleTest" time="0.004"/>
  <testcase name="email rule rejects blank and missing at-sign" classname="com.kliq.loanapp.core.common.validation.ValidationRuleTest" time="0.001"/>
  <testcase name="composite rule returns first failure" classname="com.kliq.loanapp.core.common.validation.ValidationRuleTest" time="0.01"/>
  <system-out><![CDATA[]]></system-out>
  <system-err><![CDATA[]]></system-err>
</testsuite>
