<?xml version="1.0" encoding="UTF-8"?>
<testsuite name="com.kliq.loanapp.core.ui.mapper.LoanPresentationMapperTest" tests="4" skipped="0" failures="0" errors="0" timestamp="2026-06-18T16:08:21.946Z" hostname="unknown6ab6b167121f.home" time="0.025">
  <properties/>
  <testcase name="summary aggregates total, count and average" classname="com.kliq.loanapp.core.ui.mapper.LoanPresentationMapperTest" time="0.022"/>
  <testcase name="due text reflects remaining, today, and overdue" classname="com.kliq.loanapp.core.ui.mapper.LoanPresentationMapperTest" time="0.002"/>
  <testcase name="empty portfolio yields the empty summary" classname="com.kliq.loanapp.core.ui.mapper.LoanPresentationMapperTest" time="0.0"/>
  <testcase name="maps a loan to a card config with semantic tones" classname="com.kliq.loanapp.core.ui.mapper.LoanPresentationMapperTest" time="0.001"/>
  <system-out><![CDATA[]]></system-out>
  <system-err><![CDATA[]]></system-err>
</testsuite>
