<?xml version="1.0" encoding="UTF-8"?>
<testsuite name="com.kliq.loanapp.data.repository.LoanRepositoryImplTest" tests="5" skipped="0" failures="0" errors="0" timestamp="2026-06-18T16:38:21.888Z" hostname="unknown6ab6b167121f.home" time="0.125">
  <properties/>
  <testcase name="returns loans on success" classname="com.kliq.loanapp.data.repository.LoanRepositoryImplTest" time="0.115"/>
  <testcase name="wraps unexpected errors as Unknown" classname="com.kliq.loanapp.data.repository.LoanRepositoryImplTest" time="0.003"/>
  <testcase name="maps missing asset to AssetMissing" classname="com.kliq.loanapp.data.repository.LoanRepositoryImplTest" time="0.001"/>
  <testcase name="maps malformed json to ParseFailure" classname="com.kliq.loanapp.data.repository.LoanRepositoryImplTest" time="0.002"/>
  <testcase name="maps io failure to Io" classname="com.kliq.loanapp.data.repository.LoanRepositoryImplTest" time="0.003"/>
  <system-out><![CDATA[]]></system-out>
  <system-err><![CDATA[]]></system-err>
</testsuite>
