<?xml version="1.0" encoding="UTF-8"?>
<testsuite name="com.kliq.loanapp.domain.processing.LoanStageTest" tests="5" skipped="0" failures="0" errors="0" timestamp="2026-06-18T15:14:52.906Z" hostname="unknown6ab6b167121f.home" time="0.002">
  <properties/>
  <testcase name="due date progression decrements by one" classname="com.kliq.loanapp.domain.processing.LoanStageTest" time="0.001"/>
  <testcase name="overdue default respects the minus 90 boundary" classname="com.kliq.loanapp.domain.processing.LoanStageTest" time="0.0"/>
  <testcase name="settlement marks fully repaid loans paid" classname="com.kliq.loanapp.domain.processing.LoanStageTest" time="0.0"/>
  <testcase name="overdue default leaves paid loans untouched" classname="com.kliq.loanapp.domain.processing.LoanStageTest" time="0.0"/>
  <testcase name="overdue default escalates non-paid loans beyond minus 90" classname="com.kliq.loanapp.domain.processing.LoanStageTest" time="0.0"/>
  <system-out><![CDATA[]]></system-out>
  <system-err><![CDATA[]]></system-err>
</testsuite>
