<?xml version="1.0" encoding="UTF-8"?>
<testsuite name="com.kliq.loanapp.domain.processing.BusinessLoanStrategyTest" tests="2" skipped="0" failures="0" errors="0" timestamp="2026-06-18T14:58:44.206Z" hostname="unknown6ab6b167121f.home" time="0.001">
  <properties/>
  <testcase name="active not due adds 0_5" classname="com.kliq.loanapp.domain.processing.BusinessLoanStrategyTest" time="0.001"/>
  <testcase name="overdue over threshold defaults" classname="com.kliq.loanapp.domain.processing.BusinessLoanStrategyTest" time="0.0"/>
  <system-out><![CDATA[]]></system-out>
  <system-err><![CDATA[]]></system-err>
</testsuite>
