<?xml version="1.0" encoding="UTF-8"?>
<testsuite name="com.kliq.loanapp.domain.processing.PersonalLoanStrategyTest" tests="6" skipped="0" failures="0" errors="0" timestamp="2026-06-18T16:38:18.558Z" hostname="unknown6ab6b167121f.home" time="0.001">
  <properties/>
  <testcase name="active and not yet due adds 0_3" classname="com.kliq.loanapp.domain.processing.PersonalLoanStrategyTest" time="0.0"/>
  <testcase name="overdue with small principal stays overdue" classname="com.kliq.loanapp.domain.processing.PersonalLoanStrategyTest" time="0.0"/>
  <testcase name="overdue with large principal defaults" classname="com.kliq.loanapp.domain.processing.PersonalLoanStrategyTest" time="0.0"/>
  <testcase name="does not mutate input" classname="com.kliq.loanapp.domain.processing.PersonalLoanStrategyTest" time="0.001"/>
  <testcase name="active past due with small principal adds 0_6 and stays active" classname="com.kliq.loanapp.domain.processing.PersonalLoanStrategyTest" time="0.0"/>
  <testcase name="active past due with large principal escalates to overdue and adds 1_2" classname="com.kliq.loanapp.domain.processing.PersonalLoanStrategyTest" time="0.0"/>
  <system-out><![CDATA[]]></system-out>
  <system-err><![CDATA[]]></system-err>
</testsuite>
